<?xml version="1.0" encoding="UTF-8"?>
<!-- Generated by org.testng.reporters.JUnitXMLReporter -->
<testsuite ignored="2" hostname="IBM-346GDN3" failures="0" tests="5" name="Test" time="0.05" errors="0" timestamp="2022-12-05T23:19:13 IST">
  <testcase classname="com.nopcomm.BaseClass" name="@BeforeTest launchApp" time="-1.670262553133E9">
    <failure type="org.testng.TestNGException" message="
Parameter &amp;apos;ibm_browser&amp;apos; is required by BeforeTest on method launchApp but has not been marked @Optional or defined
in C:\Users\003ZB6744\eclipse-workspace\com.nopcomm\testng.xml">
      <![CDATA[org.testng.TestNGException: 
Parameter 'ibm_browser' is required by BeforeTest on method launchApp but has not been marked @Optional or defined
in C:\Users\003ZB6744\eclipse-workspace\com.nopcomm\testng.xml
... Removed 25 stack frames]]>
    </failure>
  </testcase> <!-- @BeforeTest launchApp -->
  <testcase classname="com.nopcomm.BaseClass" name="@AfterTest closeApp" time="-1.67026255318E9">
    <skipped/>
  </testcase> <!-- @AfterTest closeApp -->
  <testcase classname="ControlExamples.AlertHandling" name="HandleSimpleAlert" time="0.0">
    <skipped/>
  </testcase> <!-- HandleSimpleAlert -->
  <testcase classname="ControlExamples.AlertHandling" name="HandleConfirmAlert" time="0.0">
    <skipped/>
  </testcase> <!-- HandleConfirmAlert -->
  <testcase classname="ControlExamples.AlertHandling" name="HandlePromptAlert" time="0.0">
    <skipped/>
  </testcase> <!-- HandlePromptAlert -->
  <testcase classname="ControlExamples.SelectControl" name="handlelist2" time="0.0">
    <skipped/>
  </testcase> <!-- handlelist2 -->
  <testcase classname="ControlExamples.SelectControl" name="selectExample" time="0.0">
    <skipped/>
  </testcase> <!-- selectExample -->
  <testcase classname="com.nopcomm.BaseClass" name="@BeforeTest launchApp" time="0.0">
    <ignored/>
  </testcase> <!-- @BeforeTest launchApp -->
  <testcase classname="com.nopcomm.BaseClass" name="@AfterTest closeApp" time="0.0">
    <ignored/>
  </testcase> <!-- @AfterTest closeApp -->
</testsuite> <!-- Test -->
