<?xml version="1.0" encoding="UTF-8"?>
<!-- Generated by org.testng.reporters.JUnitReportReporter -->
<testsuite hostname="IBM-346GDN3" failures="0" tests="4" name="ControlExamples.AlertHandling" time="-1670262528.000" errors="1" timestamp="2022-12-05T23:19:37 IST" skipped="3">
  <testcase classname="ControlExamples.AlertHandling" name="launchApp" time="-1670262528.000">
    <error message="
Parameter &#039;ibm_browser&#039; is required by BeforeTest on method launchApp but has not been marked @Optional or defined
in C:\Users\003ZB6744\eclipse-workspace\com.nopcomm\testng.xml" type="org.testng.TestNGException">
      <![CDATA[org.testng.TestNGException: 
Parameter 'ibm_browser' is required by BeforeTest on method launchApp but has not been marked @Optional or defined
in C:\Users\003ZB6744\eclipse-workspace\com.nopcomm\testng.xml
at org.testng.internal.Parameters.createParams(Parameters.java:289)
at org.testng.internal.Parameters.createParametersForMethod(Parameters.java:377)
at org.testng.internal.Parameters.createParameters(Parameters.java:721)
at org.testng.internal.Parameters.createConfigurationParameters(Parameters.java:164)
at org.testng.internal.ConfigInvoker.invokeConfigurations(ConfigInvoker.java:275)
at org.testng.TestRunner.invokeTestConfigurations(TestRunner.java:623)
at org.testng.TestRunner.beforeRun(TestRunner.java:613)
at org.testng.TestRunner.run(TestRunner.java:584)
at org.testng.SuiteRunner.runTest(SuiteRunner.java:402)
at org.testng.SuiteRunner.runSequentially(SuiteRunner.java:396)
at org.testng.SuiteRunner.privateRun(SuiteRunner.java:355)
at org.testng.SuiteRunner.run(SuiteRunner.java:304)
at org.testng.SuiteRunnerWorker.runSuite(SuiteRunnerWorker.java:53)
at org.testng.SuiteRunnerWorker.run(SuiteRunnerWorker.java:96)
at org.testng.TestNG.runSuitesSequentially(TestNG.java:1180)
at org.testng.TestNG.runSuitesLocally(TestNG.java:1102)
at org.testng.TestNG.runSuites(TestNG.java:1032)
at org.testng.TestNG.run(TestNG.java:1000)
at org.apache.maven.surefire.testng.TestNGExecutor.run(TestNGExecutor.java:284)
at org.apache.maven.surefire.testng.TestNGXmlTestSuite.execute(TestNGXmlTestSuite.java:75)
at org.apache.maven.surefire.testng.TestNGProvider.invoke(TestNGProvider.java:119)
at org.apache.maven.surefire.booter.ForkedBooter.runSuitesInProcess(ForkedBooter.java:428)
at org.apache.maven.surefire.booter.ForkedBooter.execute(ForkedBooter.java:162)
at org.apache.maven.surefire.booter.ForkedBooter.run(ForkedBooter.java:562)
at org.apache.maven.surefire.booter.ForkedBooter.main(ForkedBooter.java:548)
]]>
    </error>
  </testcase> <!-- launchApp -->
  <testcase classname="ControlExamples.AlertHandling" name="HandleSimpleAlert" time="0.000">
    <skipped/>
  </testcase> <!-- HandleSimpleAlert -->
  <testcase classname="ControlExamples.AlertHandling" name="HandleConfirmAlert" time="0.000">
    <skipped/>
  </testcase> <!-- HandleConfirmAlert -->
  <testcase classname="ControlExamples.AlertHandling" name="HandlePromptAlert" time="0.000">
    <skipped/>
  </testcase> <!-- HandlePromptAlert -->
</testsuite> <!-- ControlExamples.AlertHandling -->
